[2026-02-12 04:48:27] ORCHESTRATOR RUN #1
[2026-02-12 04:48:27] Phase: CLIPPY
[2026-02-12 04:48:27] üîß Preparing workspace...
[2026-02-12 04:48:27] CLIPPY WARNINGS PHASE
[2026-02-12 04:48:27] Analyzing clippy warnings...
[2026-02-12 04:51:29] Found 0 clippy warnings
[2026-02-12 04:51:29] ‚úÖ Clippy phase complete, resuming next phase...
[2026-02-12 04:51:29] ‚úÖ Clippy phase complete. No phase to resume.
[2026-02-12 04:51:29] Workflow complete - all tasks finished.
[2026-02-12 04:55:00] ORCHESTRATOR RUN #2
[2026-02-12 04:55:00] Phase: CLIPPY
[2026-02-12 04:55:00] üîß Preparing workspace...
[2026-02-12 04:55:01] CLIPPY WARNINGS PHASE
[2026-02-12 04:55:01] Analyzing clippy warnings...
[2026-02-12 04:59:09] Found 0 clippy warnings
[2026-02-12 04:59:09] ‚úÖ Clippy phase complete, resuming next phase...
[2026-02-12 04:59:09] ‚úÖ Clippy phase complete. No phase to resume.
[2026-02-12 04:59:09] Workflow complete - all tasks finished.
[2026-02-12 05:13:10] ORCHESTRATOR RUN #3
[2026-02-12 05:13:10] Phase: CLIPPY
[2026-02-12 05:13:10] üîß Preparing workspace...
[2026-02-12 05:13:10] CLIPPY WARNINGS PHASE
[2026-02-12 05:13:10] Analyzing clippy warnings...
[2026-02-12 05:16:20] Found 50 clippy warnings
[2026-02-12 05:16:20] üìù Working on: CLIP-009 - clippy::module_inception: mod.rs
[2026-02-12 05:16:49] ‚ÑπÔ∏è Task completed but no code changes made (TODO-only): CLIP-009
[2026-02-12 05:16:49] CLIPPY WARNINGS PHASE
[2026-02-12 05:16:49] Analyzing clippy warnings...
[2026-02-12 05:21:04] Found 50 clippy warnings
[2026-02-12 05:21:04] üìù Working on: CLIP-018 - clippy::module_inception: mod.rs
[2026-02-12 05:21:11] ‚ùå Failed: CLIP-018
[2026-02-12 05:29:32] ORCHESTRATOR RUN #4
[2026-02-12 05:29:32] Phase: CLIPPY
[2026-02-12 05:29:32] üîß Preparing workspace...
[2026-02-12 05:29:32] CLIPPY WARNINGS PHASE
[2026-02-12 05:29:32] Analyzing clippy warnings...
[2026-02-12 05:33:48] Found 50 clippy warnings
[2026-02-12 05:33:48] üìù Working on: CLIP-027 - clippy::module_inception: mod.rs
[2026-02-12 05:34:17] ‚ùå Failed: CLIP-027
[2026-02-12 05:37:24] ORCHESTRATOR RUN #5
[2026-02-12 05:37:24] Phase: CLIPPY
[2026-02-12 05:37:24] üîß Preparing workspace...
[2026-02-12 05:37:24] CLIPPY WARNINGS PHASE
[2026-02-12 05:37:24] Analyzing clippy warnings...
[2026-02-12 05:41:35] Found 50 clippy warnings
[2026-02-12 05:41:35] üìù Working on: CLIP-036 - clippy::module_inception: mod.rs
[2026-02-12 05:42:02] ‚ùå Failed: CLIP-036
[2026-02-12 05:43:46] ORCHESTRATOR RUN #6
[2026-02-12 05:43:46] Phase: CLIPPY
[2026-02-12 05:43:46] üîß Preparing workspace...
[2026-02-12 05:43:46] CLIPPY WARNINGS PHASE
[2026-02-12 05:43:46] üìù Working on: CLIP-037 - clippy::too_many_arguments: core.rs
[2026-02-12 05:47:42] ‚ÑπÔ∏è Task completed but no code changes made (TODO-only): CLIP-037
[2026-02-12 05:47:42] CLIPPY WARNINGS PHASE
[2026-02-12 05:47:42] üìù Working on: CLIP-044 - clippy::collapsible_if: perft_integration_test.rs
[2026-02-12 05:54:48] ‚ÑπÔ∏è Task completed but no code changes made (TODO-only): CLIP-044
[2026-02-12 05:54:48] CLIPPY WARNINGS PHASE
[2026-02-12 05:54:48] ‚úÖ Clippy phase complete, resuming next phase...
[2026-02-12 05:54:48] ‚úÖ Clippy phase complete. No phase to resume.
[2026-02-12 05:54:48] Workflow complete - all tasks finished.
[2026-02-12 06:00:38] ORCHESTRATOR RUN #7
[2026-02-12 06:00:38] Phase: CLIPPY
[2026-02-12 06:00:38] üîß Preparing workspace...
[2026-02-12 06:00:38] CLIPPY WARNINGS PHASE
[2026-02-12 06:00:38] ‚úÖ Clippy phase complete, resuming next phase...
[2026-02-12 06:00:38] ‚úÖ Clippy phase complete. No phase to resume.
[2026-02-12 06:00:38] Workflow complete - all tasks finished.
[2026-02-12 06:05:35] ORCHESTRATOR RUN #8
[2026-02-12 06:05:35] Phase: CLIPPY
[2026-02-12 06:05:35] üîß Preparing workspace...
[2026-02-12 06:05:35] CLIPPY WARNINGS PHASE
[2026-02-12 06:05:35] Analyzing clippy warnings...
[2026-02-12 06:09:47] Found 3 clippy warnings
[2026-02-12 06:09:47] üìù Working on: CLIP-001 - clippy::module_inception: mod.rs
[2026-02-12 06:10:18] ‚ÑπÔ∏è Task completed but no code changes made (TODO-only): CLIP-001
[2026-02-12 06:10:18] CLIPPY WARNINGS PHASE
[2026-02-12 06:10:18] üìù Working on: CLIP-002 - clippy::too_many_arguments: core.rs
[2026-02-12 06:14:19] ‚ÑπÔ∏è Task completed but no code changes made (TODO-only): CLIP-002
[2026-02-12 06:14:19] CLIPPY WARNINGS PHASE
[2026-02-12 06:14:19] üìù Working on: CLIP-009 - clippy::collapsible_if: perft_integration_test.rs
[2026-02-12 06:21:44] ‚ùå Failed: CLIP-009
[2026-02-12 07:02:37] ORCHESTRATOR RUN #9
[2026-02-12 07:02:37] Phase: CLIPPY
[2026-02-12 07:02:37] üîß Preparing workspace...
[2026-02-12 07:02:37] CLIPPY WARNINGS PHASE
[2026-02-12 07:02:37] üîÑ Reset 1 stuck in-progress item(s) from previous run
[2026-02-12 07:02:37] üìù Working on: CLIP-009 - clippy::collapsible_if: perft_integration_test.rs
[2026-02-12 07:10:42] ‚ùå Failed: CLIP-009
[2026-02-12 13:24:23] ORCHESTRATOR RUN #10
[2026-02-12 13:24:23] Phase: CLIPPY
[2026-02-12 13:24:23] üîß Preparing workspace...
[2026-02-12 13:24:23] CLIPPY WARNINGS PHASE
[2026-02-12 13:24:23] üîÑ Reset 1 stuck in-progress item(s) from previous run
[2026-02-12 13:24:23] üìù Working on: CLIP-009 - clippy::collapsible_if: perft_integration_test.rs
[2026-02-12 13:32:18] ‚ùå Failed: CLIP-009
[2026-02-12 14:16:45] ORCHESTRATOR RUN #11
[2026-02-12 14:16:45] Phase: CLIPPY
[2026-02-12 14:16:45] üîß Preparing workspace...
[2026-02-12 14:16:45] CLIPPY WARNINGS PHASE
[2026-02-12 14:16:45] üîÑ Reset 1 stuck in-progress item(s) from previous run
[2026-02-12 14:16:45] üìù Working on: CLIP-009 - clippy::collapsible_if: perft_integration_test.rs
[2026-02-12 14:24:25] ‚ùå Failed: CLIP-009
[2026-02-12 14:54:49] ORCHESTRATOR RUN #12
[2026-02-12 14:54:49] Phase: CLIPPY
[2026-02-12 14:54:49] üîß Preparing workspace...
[2026-02-12 14:54:49] CLIPPY WARNINGS PHASE
[2026-02-12 14:54:49] ‚úÖ Clippy phase complete, resuming next phase...
[2026-02-12 14:54:49] ‚úÖ Clippy phase complete. No phase to resume.
[2026-02-12 14:54:49] Workflow complete - all tasks finished.
[2026-02-12 14:56:47] ORCHESTRATOR RUN #13
[2026-02-12 14:56:47] Phase: CLIPPY
[2026-02-12 14:59:22] ORCHESTRATOR RUN #14
[2026-02-12 14:59:22] Phase: CLIPPY
[2026-02-12 14:59:22] üîß Preparing workspace...
[2026-02-12 14:59:22] CLIPPY WARNINGS PHASE
[2026-02-12 14:59:22] ‚ùå Run failed with error: 'charmap' codec can't encode characters in position 0-1: character maps to <undefined>
[2026-02-12 14:59:22] Traceback (most recent call last):   File "D:\Cody\cody-agent\todo_manager.py", line 101, in load     print(f"‚úÖ Loaded {len(self.items)} items from {self.json_path}")   File "C:\Program Files\WindowsApps\PythonSoftwareFoundation.Python.3.12_3.12.2800.0_x64__qbz5n2kfra8p0\Lib\encodings\cp1252.py", line 19, in encode     return codecs.charmap_encode(input,self.errors,encoding_table)[0]            ^^^^^^^^^^^^^^^^^^^^^^^^^^^^^^^^^^^^^^^^^^^^^^^^^^^^^^^ UnicodeEncodeError: 'charmap' codec can't encode character '\u2705' in position 0: character maps to <undefined>  During handling of the above exception, another exception occurred:  Traceback (most recent call last):   File "D:\Cody\cody-agent\orchestrator.py", line 210, in run_single_improvement     return self._run_clippy_task()            ^^^^^^^^^^^^^^^^^^^^^^^   File "D:\Cody\cody-agent\orchestrator.py", line 399, in _run_clippy_task     todo_list = TodoList("clippy", self.repo_root)                 ^^^^^^^^^^^^^^^^^^^^^^^^^^^^^^^^^^   File "D:\Cody\cody-agent\todo_manager.py", line 92, in __init__     self.load()   File "D:\Cody\cody-agent\todo_manager.py", line 103, in load     print(f"‚ö†Ô∏è Error loading {self.json_path}: {e}")   File "C:\Program Files\WindowsApps\PythonSoftwareFoundation.Python.3.12_3.12.2800.0_x64__qbz5n2kfra8p0\Lib\encodings\cp1252.py", line 19, in encode     return codecs.charmap_encode(input,self.errors,encoding_table)[0]            ^^^^^^^^^^^^^^^^^^^^^^^^^^^^^^^^^^^^^^^^^^^^^^^^^^^^^^^ UnicodeEncodeError: 'charmap' codec can't encode characters in position 0-1: character maps to <undefined>
[2026-02-12 15:05:13] ORCHESTRATOR RUN #15
[2026-02-12 15:05:13] Phase: CLIPPY
[2026-02-12 15:05:13] üîß Preparing workspace...
[2026-02-12 15:05:13] CLIPPY WARNINGS PHASE
[2026-02-12 15:05:13] All items processed. Re-analyzing for new clippy warnings...
[2026-02-12 15:05:13] CLIPPY WARNINGS PHASE
[2026-02-12 15:05:13] Analyzing clippy warnings...
[2026-02-12 15:08:55] ORCHESTRATOR RUN #16
[2026-02-12 15:08:55] Phase: CLIPPY
[2026-02-12 15:08:55] üîß Preparing workspace...
[2026-02-12 15:08:55] CLIPPY WARNINGS PHASE
[2026-02-12 15:08:55] Analyzing clippy warnings...
[2026-02-12 15:09:04] ‚ö†Ô∏è Run interrupted by user
[2026-02-12 15:09:30] ORCHESTRATOR RUN #17
[2026-02-12 15:09:30] Phase: CLIPPY
[2026-02-12 15:09:30] üîß Preparing workspace...
[2026-02-12 15:09:30] CLIPPY WARNINGS PHASE
[2026-02-12 15:09:30] Analyzing clippy warnings...
[2026-02-12 15:13:56] Found 0 clippy warnings
[2026-02-12 15:13:56] All items processed. Re-analyzing for new clippy warnings...
[2026-02-12 15:13:56] CLIPPY WARNINGS PHASE
[2026-02-12 15:13:56] Analyzing clippy warnings...
[2026-02-12 15:17:51] Found 0 clippy warnings
[2026-02-12 15:17:51] All items processed. Re-analyzing for new clippy warnings...
[2026-02-12 15:17:51] CLIPPY WARNINGS PHASE
[2026-02-12 15:17:51] Analyzing clippy warnings...
[2026-02-12 15:21:47] Found 0 clippy warnings
[2026-02-12 15:21:47] All items processed. Re-analyzing for new clippy warnings...
[2026-02-12 15:21:47] CLIPPY WARNINGS PHASE
[2026-02-12 15:21:47] Analyzing clippy warnings...
[2026-02-12 15:25:46] Found 0 clippy warnings
[2026-02-12 15:25:46] All items processed. Re-analyzing for new clippy warnings...
[2026-02-12 15:25:46] CLIPPY WARNINGS PHASE
[2026-02-12 15:25:46] Analyzing clippy warnings...
[2026-02-12 15:29:40] Found 0 clippy warnings
[2026-02-12 15:29:40] All items processed. Re-analyzing for new clippy warnings...
[2026-02-12 15:29:40] CLIPPY WARNINGS PHASE
[2026-02-12 15:29:40] Analyzing clippy warnings...
[2026-02-12 15:33:39] Found 0 clippy warnings
[2026-02-12 15:33:39] All items processed. Re-analyzing for new clippy warnings...
[2026-02-12 15:33:39] CLIPPY WARNINGS PHASE
[2026-02-12 15:33:39] Analyzing clippy warnings...
[2026-02-12 15:37:38] Found 0 clippy warnings
[2026-02-12 15:37:38] All items processed. Re-analyzing for new clippy warnings...
[2026-02-12 15:37:38] CLIPPY WARNINGS PHASE
[2026-02-12 15:37:38] Analyzing clippy warnings...
[2026-02-12 15:41:41] Found 0 clippy warnings
[2026-02-12 15:41:41] All items processed. Re-analyzing for new clippy warnings...
[2026-02-12 15:41:41] CLIPPY WARNINGS PHASE
[2026-02-12 15:41:41] Analyzing clippy warnings...
[2026-02-12 15:45:37] Found 0 clippy warnings
[2026-02-12 15:45:37] All items processed. Re-analyzing for new clippy warnings...
[2026-02-12 15:45:37] CLIPPY WARNINGS PHASE
[2026-02-12 15:45:37] Analyzing clippy warnings...
[2026-02-12 15:49:45] Found 0 clippy warnings
[2026-02-12 15:49:45] All items processed. Re-analyzing for new clippy warnings...
[2026-02-12 15:49:45] CLIPPY WARNINGS PHASE
[2026-02-12 15:49:45] Analyzing clippy warnings...
[2026-02-12 15:53:49] Found 0 clippy warnings
[2026-02-12 15:53:49] All items processed. Re-analyzing for new clippy warnings...
[2026-02-12 15:53:49] CLIPPY WARNINGS PHASE
[2026-02-12 15:53:49] Analyzing clippy warnings...
[2026-02-12 15:57:45] Found 0 clippy warnings
[2026-02-12 15:57:45] All items processed. Re-analyzing for new clippy warnings...
[2026-02-12 15:57:45] CLIPPY WARNINGS PHASE
[2026-02-12 15:57:45] Analyzing clippy warnings...
[2026-02-12 16:01:39] Found 0 clippy warnings
[2026-02-12 16:01:39] All items processed. Re-analyzing for new clippy warnings...
[2026-02-12 16:01:39] CLIPPY WARNINGS PHASE
[2026-02-12 16:01:39] Analyzing clippy warnings...
[2026-02-12 16:05:34] Found 0 clippy warnings
[2026-02-12 16:05:34] All items processed. Re-analyzing for new clippy warnings...
[2026-02-12 16:05:34] CLIPPY WARNINGS PHASE
[2026-02-12 16:05:34] Analyzing clippy warnings...
[2026-02-12 16:09:28] Found 0 clippy warnings
[2026-02-12 16:09:28] All items processed. Re-analyzing for new clippy warnings...
[2026-02-12 16:09:28] CLIPPY WARNINGS PHASE
[2026-02-12 16:09:28] Analyzing clippy warnings...
[2026-02-12 16:13:29] Found 0 clippy warnings
[2026-02-12 16:13:29] All items processed. Re-analyzing for new clippy warnings...
[2026-02-12 16:13:29] CLIPPY WARNINGS PHASE
[2026-02-12 16:13:29] Analyzing clippy warnings...
[2026-02-12 16:17:30] Found 0 clippy warnings
[2026-02-12 16:17:30] All items processed. Re-analyzing for new clippy warnings...
[2026-02-12 16:17:30] CLIPPY WARNINGS PHASE
[2026-02-12 16:17:30] Analyzing clippy warnings...
[2026-02-12 16:21:32] Found 0 clippy warnings
[2026-02-12 16:21:32] All items processed. Re-analyzing for new clippy warnings...
[2026-02-12 16:21:32] CLIPPY WARNINGS PHASE
[2026-02-12 16:21:32] Analyzing clippy warnings...
[2026-02-12 16:25:31] Found 0 clippy warnings
[2026-02-12 16:25:31] All items processed. Re-analyzing for new clippy warnings...
[2026-02-12 16:25:31] CLIPPY WARNINGS PHASE
[2026-02-12 16:25:31] Analyzing clippy warnings...
[2026-02-12 16:29:28] Found 0 clippy warnings
[2026-02-12 16:29:28] All items processed. Re-analyzing for new clippy warnings...
[2026-02-12 16:29:28] CLIPPY WARNINGS PHASE
[2026-02-12 16:29:28] Analyzing clippy warnings...
[2026-02-12 16:33:25] Found 0 clippy warnings
[2026-02-12 16:33:25] All items processed. Re-analyzing for new clippy warnings...
[2026-02-12 16:33:25] CLIPPY WARNINGS PHASE
[2026-02-12 16:33:25] Analyzing clippy warnings...
[2026-02-12 16:37:22] Found 0 clippy warnings
[2026-02-12 16:37:22] All items processed. Re-analyzing for new clippy warnings...
[2026-02-12 16:37:22] CLIPPY WARNINGS PHASE
[2026-02-12 16:37:22] Analyzing clippy warnings...
[2026-02-12 16:41:24] Found 0 clippy warnings
[2026-02-12 16:41:24] All items processed. Re-analyzing for new clippy warnings...
[2026-02-12 16:41:24] CLIPPY WARNINGS PHASE
[2026-02-12 16:41:24] Analyzing clippy warnings...
[2026-02-12 16:45:19] Found 0 clippy warnings
[2026-02-12 16:45:19] All items processed. Re-analyzing for new clippy warnings...
[2026-02-12 16:45:19] CLIPPY WARNINGS PHASE
[2026-02-12 16:45:19] Analyzing clippy warnings...
[2026-02-12 16:49:20] Found 0 clippy warnings
[2026-02-12 16:49:20] All items processed. Re-analyzing for new clippy warnings...
[2026-02-12 16:49:20] CLIPPY WARNINGS PHASE
[2026-02-12 16:49:20] Analyzing clippy warnings...
[2026-02-12 16:52:58] Found 0 clippy warnings
[2026-02-12 16:52:58] All items processed. Re-analyzing for new clippy warnings...
[2026-02-12 16:52:58] CLIPPY WARNINGS PHASE
[2026-02-12 16:52:58] Analyzing clippy warnings...
[2026-02-12 16:57:40] Found 0 clippy warnings
[2026-02-12 16:57:40] All items processed. Re-analyzing for new clippy warnings...
[2026-02-12 16:57:40] CLIPPY WARNINGS PHASE
[2026-02-12 16:57:40] Analyzing clippy warnings...
[2026-02-12 17:03:07] Found 0 clippy warnings
[2026-02-12 17:03:07] All items processed. Re-analyzing for new clippy warnings...
[2026-02-12 17:03:07] CLIPPY WARNINGS PHASE
[2026-02-12 17:03:07] Analyzing clippy warnings...
[2026-02-12 17:08:25] Found 0 clippy warnings
[2026-02-12 17:08:25] All items processed. Re-analyzing for new clippy warnings...
[2026-02-12 17:08:25] CLIPPY WARNINGS PHASE
[2026-02-12 17:08:25] Analyzing clippy warnings...
[2026-02-12 17:13:42] Found 0 clippy warnings
[2026-02-12 17:13:42] All items processed. Re-analyzing for new clippy warnings...
[2026-02-12 17:13:42] CLIPPY WARNINGS PHASE
[2026-02-12 17:13:42] Analyzing clippy warnings...
[2026-02-12 17:18:59] Found 0 clippy warnings
[2026-02-12 17:18:59] All items processed. Re-analyzing for new clippy warnings...
[2026-02-12 17:18:59] CLIPPY WARNINGS PHASE
[2026-02-12 17:18:59] Analyzing clippy warnings...
[2026-02-12 17:22:42] ‚ö†Ô∏è Run interrupted by user
